Determining if the pthread_create exist failed with the following output:
Change Dir: /root/Desktop/Anemoi Drone Project/Drone Software/Onboard System/Utils/build/CMakeFiles/CMakeTmp

Run Build Command:"/usr/bin/make" "cmTC_006b5/fast"
/usr/bin/make -f CMakeFiles/cmTC_006b5.dir/build.make CMakeFiles/cmTC_006b5.dir/build
make[1]: Entering directory '/root/Desktop/Anemoi Drone Project/Drone Software/Onboard System/Utils/build/CMakeFiles/CMakeTmp'
Building C object CMakeFiles/cmTC_006b5.dir/CheckSymbolExists.c.o
/usr/bin/clang    -o CMakeFiles/cmTC_006b5.dir/CheckSymbolExists.c.o   -c "/root/Desktop/Anemoi Drone Project/Drone Software/Onboard System/Utils/build/CMakeFiles/CMakeTmp/CheckSymbolExists.c"
Linking C executable cmTC_006b5
/usr/bin/cmake -E cmake_link_script CMakeFiles/cmTC_006b5.dir/link.txt --verbose=1
/usr/bin/clang      -rdynamic CMakeFiles/cmTC_006b5.dir/CheckSymbolExists.c.o  -o cmTC_006b5 
/usr/bin/ld: CMakeFiles/cmTC_006b5.dir/CheckSymbolExists.c.o: in function `main':
CheckSymbolExists.c:(.text+0x19): undefined reference to `pthread_create'
clang: error: linker command failed with exit code 1 (use -v to see invocation)
make[1]: *** [CMakeFiles/cmTC_006b5.dir/build.make:87: cmTC_006b5] Error 1
make[1]: Leaving directory '/root/Desktop/Anemoi Drone Project/Drone Software/Onboard System/Utils/build/CMakeFiles/CMakeTmp'
make: *** [Makefile:121: cmTC_006b5/fast] Error 2

File /root/Desktop/Anemoi Drone Project/Drone Software/Onboard System/Utils/build/CMakeFiles/CMakeTmp/CheckSymbolExists.c:
/* */
#include <pthread.h>

int main(int argc, char** argv)
{
  (void)argv;
#ifndef pthread_create
  return ((int*)(&pthread_create))[argc];
#else
  (void)argc;
  return 0;
#endif
}

Determining if the function pthread_create exists in the pthreads failed with the following output:
Change Dir: /root/Desktop/Anemoi Drone Project/Drone Software/Onboard System/Utils/build/CMakeFiles/CMakeTmp

Run Build Command:"/usr/bin/make" "cmTC_91a70/fast"
/usr/bin/make -f CMakeFiles/cmTC_91a70.dir/build.make CMakeFiles/cmTC_91a70.dir/build
make[1]: Entering directory '/root/Desktop/Anemoi Drone Project/Drone Software/Onboard System/Utils/build/CMakeFiles/CMakeTmp'
Building C object CMakeFiles/cmTC_91a70.dir/CheckFunctionExists.c.o
/usr/bin/clang   -DCHECK_FUNCTION_EXISTS=pthread_create   -o CMakeFiles/cmTC_91a70.dir/CheckFunctionExists.c.o   -c /usr/share/cmake-3.13/Modules/CheckFunctionExists.c
Linking C executable cmTC_91a70
/usr/bin/cmake -E cmake_link_script CMakeFiles/cmTC_91a70.dir/link.txt --verbose=1
/usr/bin/clang  -DCHECK_FUNCTION_EXISTS=pthread_create    -rdynamic CMakeFiles/cmTC_91a70.dir/CheckFunctionExists.c.o  -o cmTC_91a70 -lpthreads 
/usr/bin/ld: cannot find -lpthreads
clang: error: linker command failed with exit code 1 (use -v to see invocation)
make[1]: *** [CMakeFiles/cmTC_91a70.dir/build.make:87: cmTC_91a70] Error 1
make[1]: Leaving directory '/root/Desktop/Anemoi Drone Project/Drone Software/Onboard System/Utils/build/CMakeFiles/CMakeTmp'
make: *** [Makefile:121: cmTC_91a70/fast] Error 2


