Determining if the pthread_create exist failed with the following output:
Change Dir: /root/Gardien-System/Onboard System/ControlAbstraction/BasicControls/LowLevel/MSP/build_rpi/CMakeFiles/CMakeTmp

Run Build Command:"/usr/bin/make" "cmTC_bae29/fast"
/usr/bin/make -f CMakeFiles/cmTC_bae29.dir/build.make CMakeFiles/cmTC_bae29.dir/build
make[1]: Entering directory '/root/Gardien-System/Onboard System/ControlAbstraction/BasicControls/LowLevel/MSP/build_rpi/CMakeFiles/CMakeTmp'
Building C object CMakeFiles/cmTC_bae29.dir/CheckSymbolExists.c.o
/usr/bin/cc     -o CMakeFiles/cmTC_bae29.dir/CheckSymbolExists.c.o   -c "/root/Gardien-System/Onboard System/ControlAbstraction/BasicControls/LowLevel/MSP/build_rpi/CMakeFiles/CMakeTmp/CheckSymbolExists.c"
Linking C executable cmTC_bae29
/usr/bin/cmake -E cmake_link_script CMakeFiles/cmTC_bae29.dir/link.txt --verbose=1
/usr/bin/cc       CMakeFiles/cmTC_bae29.dir/CheckSymbolExists.c.o  -o cmTC_bae29 -rdynamic 
CMakeFiles/cmTC_bae29.dir/CheckSymbolExists.c.o: In function `main':
CheckSymbolExists.c:(.text+0x38): undefined reference to `pthread_create'
collect2: error: ld returned 1 exit status
CMakeFiles/cmTC_bae29.dir/build.make:97: recipe for target 'cmTC_bae29' failed
make[1]: *** [cmTC_bae29] Error 1
make[1]: Leaving directory '/root/Gardien-System/Onboard System/ControlAbstraction/BasicControls/LowLevel/MSP/build_rpi/CMakeFiles/CMakeTmp'
Makefile:126: recipe for target 'cmTC_bae29/fast' failed
make: *** [cmTC_bae29/fast] Error 2

File /root/Gardien-System/Onboard System/ControlAbstraction/BasicControls/LowLevel/MSP/build_rpi/CMakeFiles/CMakeTmp/CheckSymbolExists.c:
/* */
#include <pthread.h>

int main(int argc, char** argv)
{
  (void)argv;
#ifndef pthread_create
  return ((int*)(&pthread_create))[argc];
#else
  (void)argc;
  return 0;
#endif
}

Determining if the function pthread_create exists in the pthreads failed with the following output:
Change Dir: /root/Gardien-System/Onboard System/ControlAbstraction/BasicControls/LowLevel/MSP/build_rpi/CMakeFiles/CMakeTmp

Run Build Command:"/usr/bin/make" "cmTC_359ff/fast"
/usr/bin/make -f CMakeFiles/cmTC_359ff.dir/build.make CMakeFiles/cmTC_359ff.dir/build
make[1]: Entering directory '/root/Gardien-System/Onboard System/ControlAbstraction/BasicControls/LowLevel/MSP/build_rpi/CMakeFiles/CMakeTmp'
Building C object CMakeFiles/cmTC_359ff.dir/CheckFunctionExists.c.o
/usr/bin/cc    -DCHECK_FUNCTION_EXISTS=pthread_create   -o CMakeFiles/cmTC_359ff.dir/CheckFunctionExists.c.o   -c /usr/share/cmake-3.7/Modules/CheckFunctionExists.c
Linking C executable cmTC_359ff
/usr/bin/cmake -E cmake_link_script CMakeFiles/cmTC_359ff.dir/link.txt --verbose=1
/usr/bin/cc   -DCHECK_FUNCTION_EXISTS=pthread_create    CMakeFiles/cmTC_359ff.dir/CheckFunctionExists.c.o  -o cmTC_359ff -rdynamic -lpthreads 
/usr/bin/ld: cannot find -lpthreads
collect2: error: ld returned 1 exit status
CMakeFiles/cmTC_359ff.dir/build.make:97: recipe for target 'cmTC_359ff' failed
make[1]: *** [cmTC_359ff] Error 1
make[1]: Leaving directory '/root/Gardien-System/Onboard System/ControlAbstraction/BasicControls/LowLevel/MSP/build_rpi/CMakeFiles/CMakeTmp'
Makefile:126: recipe for target 'cmTC_359ff/fast' failed
make: *** [cmTC_359ff/fast] Error 2


