Determining if the pthread_create exist failed with the following output:
Change Dir: /root/Desktop/Anemoi Drone Project/Drone Software/Onboard System/ControlAbstraction/BasicControls/LowLevel/MSP/build_pc/CMakeFiles/CMakeTmp

Run Build Command:"/usr/bin/make" "cmTC_a261c/fast"
/usr/bin/make -f CMakeFiles/cmTC_a261c.dir/build.make CMakeFiles/cmTC_a261c.dir/build
make[1]: Entering directory '/root/Desktop/Anemoi Drone Project/Drone Software/Onboard System/ControlAbstraction/BasicControls/LowLevel/MSP/build_pc/CMakeFiles/CMakeTmp'
Building C object CMakeFiles/cmTC_a261c.dir/CheckSymbolExists.c.o
/usr/bin/cc    -o CMakeFiles/cmTC_a261c.dir/CheckSymbolExists.c.o   -c "/root/Desktop/Anemoi Drone Project/Drone Software/Onboard System/ControlAbstraction/BasicControls/LowLevel/MSP/build_pc/CMakeFiles/CMakeTmp/CheckSymbolExists.c"
Linking C executable cmTC_a261c
/usr/bin/cmake -E cmake_link_script CMakeFiles/cmTC_a261c.dir/link.txt --verbose=1
/usr/bin/cc      -rdynamic CMakeFiles/cmTC_a261c.dir/CheckSymbolExists.c.o  -o cmTC_a261c 
/usr/bin/ld: CMakeFiles/cmTC_a261c.dir/CheckSymbolExists.c.o: in function `main':
CheckSymbolExists.c:(.text+0x1b): undefined reference to `pthread_create'
collect2: error: ld returned 1 exit status
make[1]: *** [CMakeFiles/cmTC_a261c.dir/build.make:87: cmTC_a261c] Error 1
make[1]: Leaving directory '/root/Desktop/Anemoi Drone Project/Drone Software/Onboard System/ControlAbstraction/BasicControls/LowLevel/MSP/build_pc/CMakeFiles/CMakeTmp'
make: *** [Makefile:121: cmTC_a261c/fast] Error 2

File /root/Desktop/Anemoi Drone Project/Drone Software/Onboard System/ControlAbstraction/BasicControls/LowLevel/MSP/build_pc/CMakeFiles/CMakeTmp/CheckSymbolExists.c:
/* */
#include <pthread.h>

int main(int argc, char** argv)
{
  (void)argv;
#ifndef pthread_create
  return ((int*)(&pthread_create))[argc];
#else
  (void)argc;
  return 0;
#endif
}

Determining if the function pthread_create exists in the pthreads failed with the following output:
Change Dir: /root/Desktop/Anemoi Drone Project/Drone Software/Onboard System/ControlAbstraction/BasicControls/LowLevel/MSP/build_pc/CMakeFiles/CMakeTmp

Run Build Command:"/usr/bin/make" "cmTC_8f624/fast"
/usr/bin/make -f CMakeFiles/cmTC_8f624.dir/build.make CMakeFiles/cmTC_8f624.dir/build
make[1]: Entering directory '/root/Desktop/Anemoi Drone Project/Drone Software/Onboard System/ControlAbstraction/BasicControls/LowLevel/MSP/build_pc/CMakeFiles/CMakeTmp'
Building C object CMakeFiles/cmTC_8f624.dir/CheckFunctionExists.c.o
/usr/bin/cc   -DCHECK_FUNCTION_EXISTS=pthread_create   -o CMakeFiles/cmTC_8f624.dir/CheckFunctionExists.c.o   -c /usr/share/cmake-3.12/Modules/CheckFunctionExists.c
Linking C executable cmTC_8f624
/usr/bin/cmake -E cmake_link_script CMakeFiles/cmTC_8f624.dir/link.txt --verbose=1
/usr/bin/cc  -DCHECK_FUNCTION_EXISTS=pthread_create    -rdynamic CMakeFiles/cmTC_8f624.dir/CheckFunctionExists.c.o  -o cmTC_8f624 -lpthreads 
/usr/bin/ld: cannot find -lpthreads
collect2: error: ld returned 1 exit status
make[1]: *** [CMakeFiles/cmTC_8f624.dir/build.make:87: cmTC_8f624] Error 1
make[1]: Leaving directory '/root/Desktop/Anemoi Drone Project/Drone Software/Onboard System/ControlAbstraction/BasicControls/LowLevel/MSP/build_pc/CMakeFiles/CMakeTmp'
make: *** [Makefile:121: cmTC_8f624/fast] Error 2


