Determining if the pthread_create exist failed with the following output:
Change Dir: /root/Desktop/Anemoi Drone Project/Drone Software/Onboard System/build/CMakeFiles/CMakeTmp

Run Build Command:"/usr/bin/make" "cmTC_b0978/fast"
/usr/bin/make -f CMakeFiles/cmTC_b0978.dir/build.make CMakeFiles/cmTC_b0978.dir/build
make[1]: Entering directory '/root/Desktop/Anemoi Drone Project/Drone Software/Onboard System/build/CMakeFiles/CMakeTmp'
Building C object CMakeFiles/cmTC_b0978.dir/CheckSymbolExists.c.o
/usr/bin/gcc    -o CMakeFiles/cmTC_b0978.dir/CheckSymbolExists.c.o   -c "/root/Desktop/Anemoi Drone Project/Drone Software/Onboard System/build/CMakeFiles/CMakeTmp/CheckSymbolExists.c"
Linking C executable cmTC_b0978
/usr/bin/cmake -E cmake_link_script CMakeFiles/cmTC_b0978.dir/link.txt --verbose=1
/usr/bin/gcc      -rdynamic CMakeFiles/cmTC_b0978.dir/CheckSymbolExists.c.o  -o cmTC_b0978 
/usr/bin/ld: CMakeFiles/cmTC_b0978.dir/CheckSymbolExists.c.o: in function `main':
CheckSymbolExists.c:(.text+0x1b): undefined reference to `pthread_create'
collect2: error: ld returned 1 exit status
make[1]: *** [CMakeFiles/cmTC_b0978.dir/build.make:87: cmTC_b0978] Error 1
make[1]: Leaving directory '/root/Desktop/Anemoi Drone Project/Drone Software/Onboard System/build/CMakeFiles/CMakeTmp'
make: *** [Makefile:121: cmTC_b0978/fast] Error 2

File /root/Desktop/Anemoi Drone Project/Drone Software/Onboard System/build/CMakeFiles/CMakeTmp/CheckSymbolExists.c:
/* */
#include <pthread.h>

int main(int argc, char** argv)
{
  (void)argv;
#ifndef pthread_create
  return ((int*)(&pthread_create))[argc];
#else
  (void)argc;
  return 0;
#endif
}

Determining if the function pthread_create exists in the pthreads failed with the following output:
Change Dir: /root/Desktop/Anemoi Drone Project/Drone Software/Onboard System/build/CMakeFiles/CMakeTmp

Run Build Command:"/usr/bin/make" "cmTC_bb17b/fast"
/usr/bin/make -f CMakeFiles/cmTC_bb17b.dir/build.make CMakeFiles/cmTC_bb17b.dir/build
make[1]: Entering directory '/root/Desktop/Anemoi Drone Project/Drone Software/Onboard System/build/CMakeFiles/CMakeTmp'
Building C object CMakeFiles/cmTC_bb17b.dir/CheckFunctionExists.c.o
/usr/bin/gcc   -DCHECK_FUNCTION_EXISTS=pthread_create   -o CMakeFiles/cmTC_bb17b.dir/CheckFunctionExists.c.o   -c /usr/share/cmake-3.13/Modules/CheckFunctionExists.c
Linking C executable cmTC_bb17b
/usr/bin/cmake -E cmake_link_script CMakeFiles/cmTC_bb17b.dir/link.txt --verbose=1
/usr/bin/gcc  -DCHECK_FUNCTION_EXISTS=pthread_create    -rdynamic CMakeFiles/cmTC_bb17b.dir/CheckFunctionExists.c.o  -o cmTC_bb17b -lpthreads 
/usr/bin/ld: cannot find -lpthreads
collect2: error: ld returned 1 exit status
make[1]: *** [CMakeFiles/cmTC_bb17b.dir/build.make:87: cmTC_bb17b] Error 1
make[1]: Leaving directory '/root/Desktop/Anemoi Drone Project/Drone Software/Onboard System/build/CMakeFiles/CMakeTmp'
make: *** [Makefile:121: cmTC_bb17b/fast] Error 2


