Determining if the pthread_create exist failed with the following output:
Change Dir: /root/Gardien-System/Onboard System/ControlAbstraction/BasicControls/LowLevel/MSP/build_rpi3/CMakeFiles/CMakeTmp

Run Build Command:"/usr/bin/make" "cmTC_c6887/fast"
/usr/bin/make -f CMakeFiles/cmTC_c6887.dir/build.make CMakeFiles/cmTC_c6887.dir/build
make[1]: Entering directory '/root/Gardien-System/Onboard System/ControlAbstraction/BasicControls/LowLevel/MSP/build_rpi3/CMakeFiles/CMakeTmp'
Building C object CMakeFiles/cmTC_c6887.dir/CheckSymbolExists.c.o
/usr/bin/cc    -o CMakeFiles/cmTC_c6887.dir/CheckSymbolExists.c.o   -c "/root/Gardien-System/Onboard System/ControlAbstraction/BasicControls/LowLevel/MSP/build_rpi3/CMakeFiles/CMakeTmp/CheckSymbolExists.c"
Linking C executable cmTC_c6887
/usr/bin/cmake -E cmake_link_script CMakeFiles/cmTC_c6887.dir/link.txt --verbose=1
/usr/bin/cc      -rdynamic CMakeFiles/cmTC_c6887.dir/CheckSymbolExists.c.o  -o cmTC_c6887 
/usr/bin/ld: CMakeFiles/cmTC_c6887.dir/CheckSymbolExists.c.o: in function `main':
CheckSymbolExists.c:(.text+0x14): undefined reference to `pthread_create'
/usr/bin/ld: CheckSymbolExists.c:(.text+0x18): undefined reference to `pthread_create'
collect2: error: ld returned 1 exit status
make[1]: *** [CMakeFiles/cmTC_c6887.dir/build.make:87: cmTC_c6887] Error 1
make[1]: Leaving directory '/root/Gardien-System/Onboard System/ControlAbstraction/BasicControls/LowLevel/MSP/build_rpi3/CMakeFiles/CMakeTmp'
make: *** [Makefile:121: cmTC_c6887/fast] Error 2

File /root/Gardien-System/Onboard System/ControlAbstraction/BasicControls/LowLevel/MSP/build_rpi3/CMakeFiles/CMakeTmp/CheckSymbolExists.c:
/* */
#include <pthread.h>

int main(int argc, char** argv)
{
  (void)argv;
#ifndef pthread_create
  return ((int*)(&pthread_create))[argc];
#else
  (void)argc;
  return 0;
#endif
}

Determining if the function pthread_create exists in the pthreads failed with the following output:
Change Dir: /root/Gardien-System/Onboard System/ControlAbstraction/BasicControls/LowLevel/MSP/build_rpi3/CMakeFiles/CMakeTmp

Run Build Command:"/usr/bin/make" "cmTC_08abf/fast"
/usr/bin/make -f CMakeFiles/cmTC_08abf.dir/build.make CMakeFiles/cmTC_08abf.dir/build
make[1]: Entering directory '/root/Gardien-System/Onboard System/ControlAbstraction/BasicControls/LowLevel/MSP/build_rpi3/CMakeFiles/CMakeTmp'
Building C object CMakeFiles/cmTC_08abf.dir/CheckFunctionExists.c.o
/usr/bin/cc   -DCHECK_FUNCTION_EXISTS=pthread_create   -o CMakeFiles/cmTC_08abf.dir/CheckFunctionExists.c.o   -c /usr/share/cmake-3.12/Modules/CheckFunctionExists.c
Linking C executable cmTC_08abf
/usr/bin/cmake -E cmake_link_script CMakeFiles/cmTC_08abf.dir/link.txt --verbose=1
/usr/bin/cc  -DCHECK_FUNCTION_EXISTS=pthread_create    -rdynamic CMakeFiles/cmTC_08abf.dir/CheckFunctionExists.c.o  -o cmTC_08abf -lpthreads 
/usr/bin/ld: cannot find -lpthreads
collect2: error: ld returned 1 exit status
make[1]: *** [CMakeFiles/cmTC_08abf.dir/build.make:87: cmTC_08abf] Error 1
make[1]: Leaving directory '/root/Gardien-System/Onboard System/ControlAbstraction/BasicControls/LowLevel/MSP/build_rpi3/CMakeFiles/CMakeTmp'
make: *** [Makefile:121: cmTC_08abf/fast] Error 2


