Determining if the pthread_create exist failed with the following output:
Change Dir: /root/Desktop/Anemoi Drone Project/Drone Software/Onboard System/ControlAbstraction/build/CMakeFiles/CMakeTmp

Run Build Command:"/usr/bin/make" "cmTC_deaa3/fast"
/usr/bin/make -f CMakeFiles/cmTC_deaa3.dir/build.make CMakeFiles/cmTC_deaa3.dir/build
make[1]: Entering directory '/root/Desktop/Anemoi Drone Project/Drone Software/Onboard System/ControlAbstraction/build/CMakeFiles/CMakeTmp'
Building C object CMakeFiles/cmTC_deaa3.dir/CheckSymbolExists.c.o
/usr/bin/clang    -o CMakeFiles/cmTC_deaa3.dir/CheckSymbolExists.c.o   -c "/root/Desktop/Anemoi Drone Project/Drone Software/Onboard System/ControlAbstraction/build/CMakeFiles/CMakeTmp/CheckSymbolExists.c"
Linking C executable cmTC_deaa3
/usr/bin/cmake -E cmake_link_script CMakeFiles/cmTC_deaa3.dir/link.txt --verbose=1
/usr/bin/clang      -rdynamic CMakeFiles/cmTC_deaa3.dir/CheckSymbolExists.c.o  -o cmTC_deaa3 
/usr/bin/ld: CMakeFiles/cmTC_deaa3.dir/CheckSymbolExists.c.o: in function `main':
CheckSymbolExists.c:(.text+0x19): undefined reference to `pthread_create'
clang: error: linker command failed with exit code 1 (use -v to see invocation)
make[1]: *** [CMakeFiles/cmTC_deaa3.dir/build.make:87: cmTC_deaa3] Error 1
make[1]: Leaving directory '/root/Desktop/Anemoi Drone Project/Drone Software/Onboard System/ControlAbstraction/build/CMakeFiles/CMakeTmp'
make: *** [Makefile:121: cmTC_deaa3/fast] Error 2

File /root/Desktop/Anemoi Drone Project/Drone Software/Onboard System/ControlAbstraction/build/CMakeFiles/CMakeTmp/CheckSymbolExists.c:
/* */
#include <pthread.h>

int main(int argc, char** argv)
{
  (void)argv;
#ifndef pthread_create
  return ((int*)(&pthread_create))[argc];
#else
  (void)argc;
  return 0;
#endif
}

